INFO: 2025-05-13 17:24:21,201: main() 'Using profile folder /home/Diego/.config/variety/'
INFO: 2025-05-13 17:24:21,205: perform_upgrade() 'Last run version was 0.8.12 or earlier, current version is 0.8.12'
INFO: 2025-05-13 17:24:21,335: process_command() 'Received command: ['-n']'
INFO: 2025-05-13 17:24:21,337: start() 'Using data_path /usr/share/variety'
INFO: 2025-05-13 17:24:21,337: load() 'Jumble loading'
INFO: 2025-05-13 17:24:21,337: _walk_modules() 'Jumble loading module in __init__ from /usr/lib/python3.13/site-packages/variety/plugins/builtin/__init__.py'
INFO: 2025-05-13 17:24:21,338: _walk_modules() 'Jumble loading module in __init__ from /usr/lib/python3.13/site-packages/variety/plugins/builtin/display_modes/__init__.py'
INFO: 2025-05-13 17:24:21,339: _walk_modules() 'Jumble loading module in ResizingDisplayModesPlugin from /usr/lib/python3.13/site-packages/variety/plugins/builtin/display_modes/ResizingDisplayModesPlugin.py'
INFO: 2025-05-13 17:24:21,339: load() 'Jumble found plugin class: <class 'ResizingDisplayModesPlugin.ResizingDisplayModesPlugin'>: {'name': 'ResizingDisplayModesPlugin', 'description': 'Display modes that use image resizing within Variety', 'version': '1.0', 'author': 'Peter Levi'}'
INFO: 2025-05-13 17:24:21,339: _walk_modules() 'Jumble loading module in LegacyDisplayModesPlugin from /usr/lib/python3.13/site-packages/variety/plugins/builtin/display_modes/LegacyDisplayModesPlugin.py'
INFO: 2025-05-13 17:24:21,340: load() 'Jumble found plugin class: <class 'LegacyDisplayModesPlugin.LegacyDisplayModesPlugin'>: {'name': 'LegacyDisplayModesPlugin', 'description': 'Legacy display mode for compatibility with past Variety versions', 'version': '1.0', 'author': 'Peter Levi'}'
INFO: 2025-05-13 17:24:21,340: _walk_modules() 'Jumble loading module in GnomeDisplayModesPlugin from /usr/lib/python3.13/site-packages/variety/plugins/builtin/display_modes/GnomeDisplayModesPlugin.py'
INFO: 2025-05-13 17:24:21,340: load() 'Jumble found plugin class: <class 'GnomeDisplayModesPlugin.GnomeDisplayModesPlugin'>: {'name': 'GnomeDisplayModesPlugin', 'description': 'Display modes relying on the underlying desktop environment', 'version': '1.0', 'author': 'Peter Levi'}'
INFO: 2025-05-13 17:24:21,341: _walk_modules() 'Jumble loading module in MediaRSSDownloader from /usr/lib/python3.13/site-packages/variety/plugins/builtin/downloaders/MediaRSSDownloader.py'
INFO: 2025-05-13 17:24:21,342: _walk_modules() 'Jumble loading module in WallhavenSource from /usr/lib/python3.13/site-packages/variety/plugins/builtin/downloaders/WallhavenSource.py'
INFO: 2025-05-13 17:24:21,347: load() 'Jumble found plugin class: <class 'WallhavenSource.WallhavenSource'>: {'name': 'WallhavenSource', 'description': 'Configurable source for fetching images from Wallhaven.cc', 'author': 'Peter Levi', 'version': '0.1'}'
INFO: 2025-05-13 17:24:21,347: _walk_modules() 'Jumble loading module in __init__ from /usr/lib/python3.13/site-packages/variety/plugins/builtin/downloaders/__init__.py'
INFO: 2025-05-13 17:24:21,347: _walk_modules() 'Jumble loading module in WallhavenLegacyDownloader from /usr/lib/python3.13/site-packages/variety/plugins/builtin/downloaders/WallhavenLegacyDownloader.py'
INFO: 2025-05-13 17:24:21,348: _walk_modules() 'Jumble loading module in UnsplashConfigurableSource from /usr/lib/python3.13/site-packages/variety/plugins/builtin/downloaders/UnsplashConfigurableSource.py'
INFO: 2025-05-13 17:24:21,350: load() 'Jumble found plugin class: <class 'UnsplashConfigurableSource.UnsplashConfigurableSource'>: {'name': 'UnsplashConfigurableSource', 'description': 'Configurable source for fetching photos from Unsplash.com', 'author': 'Peter Levi', 'version': '0.1'}'
INFO: 2025-05-13 17:24:21,350: _walk_modules() 'Jumble loading module in MediaRSSSource from /usr/lib/python3.13/site-packages/variety/plugins/builtin/downloaders/MediaRSSSource.py'
INFO: 2025-05-13 17:24:21,352: load() 'Jumble found plugin class: <class 'MediaRSSSource.MediaRSSSource'>: {'name': 'MediaRSSSource', 'description': 'Configurable source for fetching images from MediaRSS feeds', 'author': 'Peter Levi', 'version': '0.1'}'
INFO: 2025-05-13 17:24:21,352: _walk_modules() 'Jumble loading module in RedditSource from /usr/lib/python3.13/site-packages/variety/plugins/builtin/downloaders/RedditSource.py'
INFO: 2025-05-13 17:24:21,354: load() 'Jumble found plugin class: <class 'RedditSource.RedditSource'>: {'name': 'RedditSource', 'description': 'Configurable source for fetching images from Reddit', 'author': 'Peter Levi', 'version': '0.1'}'
INFO: 2025-05-13 17:24:21,354: _walk_modules() 'Jumble loading module in BingDownloader from /usr/lib/python3.13/site-packages/variety/plugins/builtin/downloaders/BingDownloader.py'
INFO: 2025-05-13 17:24:21,355: load() 'Jumble found plugin class: <class 'BingDownloader.BingDownloader'>: {'name': 'BingDownloader', 'description': 'Bing Photo of the Day', 'author': 'Peter Levi', 'version': '0.1'}'
INFO: 2025-05-13 17:24:21,355: _walk_modules() 'Jumble loading module in NationalGeographicDownloader from /usr/lib/python3.13/site-packages/variety/plugins/builtin/downloaders/NationalGeographicDownloader.py'
INFO: 2025-05-13 17:24:21,355: load() 'Jumble found plugin class: <class 'NationalGeographicDownloader.NationalGeographicDownloader'>: {'name': 'NationalGeographicDownloader', 'description': "National Geographic's photo of the day", 'author': 'Eric RÃ¶sch', 'version': '0.1'}'
INFO: 2025-05-13 17:24:21,355: _walk_modules() 'Jumble loading module in RedditDownloader from /usr/lib/python3.13/site-packages/variety/plugins/builtin/downloaders/RedditDownloader.py'
INFO: 2025-05-13 17:24:21,356: _walk_modules() 'Jumble loading module in EarthviewDownloader from /usr/lib/python3.13/site-packages/variety/plugins/builtin/downloaders/EarthviewDownloader.py'
INFO: 2025-05-13 17:24:21,356: load() 'Jumble found plugin class: <class 'EarthviewDownloader.EarthviewDownloader'>: {'name': 'EarthviewDownloader', 'description': 'Google Earth View Wallpapers', 'author': 'Peter Levi', 'version': '0.1'}'
INFO: 2025-05-13 17:24:21,356: _walk_modules() 'Jumble loading module in APODDownloader from /usr/lib/python3.13/site-packages/variety/plugins/builtin/downloaders/APODDownloader.py'
INFO: 2025-05-13 17:24:21,357: load() 'Jumble found plugin class: <class 'APODDownloader.APODDownloader'>: {'name': 'APODDownloader', 'description': 'NASA Astro Pic of the Day', 'author': 'Peter Levi', 'version': '0.1'}'
INFO: 2025-05-13 17:24:21,357: _walk_modules() 'Jumble loading module in WallhavenDownloader from /usr/lib/python3.13/site-packages/variety/plugins/builtin/downloaders/WallhavenDownloader.py'
INFO: 2025-05-13 17:24:21,357: _walk_modules() 'Jumble loading module in ArtStationDownloader from /usr/lib/python3.13/site-packages/variety/plugins/builtin/downloaders/ArtStationDownloader.py'
INFO: 2025-05-13 17:24:21,358: _walk_modules() 'Jumble loading module in UnsplashDownloader from /usr/lib/python3.13/site-packages/variety/plugins/builtin/downloaders/UnsplashDownloader.py'
INFO: 2025-05-13 17:24:21,358: load() 'Jumble found plugin class: <class 'UnsplashDownloader.UnsplashDownloader'>: {'name': 'UnsplashDownloader', 'description': 'High-resolution photos from Unsplash.com', 'author': 'Peter Levi', 'version': '0.1'}'
INFO: 2025-05-13 17:24:21,358: _walk_modules() 'Jumble loading module in ArtStationSource from /usr/lib/python3.13/site-packages/variety/plugins/builtin/downloaders/ArtStationSource.py'
INFO: 2025-05-13 17:24:21,359: load() 'Jumble found plugin class: <class 'ArtStationSource.ArtStationSource'>: {'name': 'ArtStationSource', 'description': 'Configurable source for fetching images from ArtStation', 'author': 'Denis Gordeev', 'version': '0.1'}'
INFO: 2025-05-13 17:24:21,359: _walk_modules() 'Jumble loading module in FortuneSource from /usr/lib/python3.13/site-packages/variety/plugins/builtin/quotes/FortuneSource.py'
INFO: 2025-05-13 17:24:21,360: load() 'Jumble found plugin class: <class 'FortuneSource.FortuneSource'>: {'name': 'UNIX fortune program', 'description': 'Displays quotes using the UNIX fortune program. You may want to install additional fortune packs, e.g. fortunes-bofh-excuses.', 'author': 'Dan Jones', 'version': '0.1'}'
INFO: 2025-05-13 17:24:21,360: _walk_modules() 'Jumble loading module in __init__ from /usr/lib/python3.13/site-packages/variety/plugins/builtin/quotes/__init__.py'
INFO: 2025-05-13 17:24:21,361: _walk_modules() 'Jumble loading module in UrbanDictionarySource from /usr/lib/python3.13/site-packages/variety/plugins/builtin/quotes/UrbanDictionarySource.py'
INFO: 2025-05-13 17:24:21,361: load() 'Jumble found plugin class: <class 'UrbanDictionarySource.UrbanDictionarySource'>: {'name': 'Urban Dictionary', 'description': 'Displays definitions from Urban Dictionary', 'author': 'James Miller', 'version': '0.1'}'
INFO: 2025-05-13 17:24:21,361: _walk_modules() 'Jumble loading module in QuotationsPageSource from /usr/lib/python3.13/site-packages/variety/plugins/builtin/quotes/QuotationsPageSource.py'
INFO: 2025-05-13 17:24:21,398: load() 'Jumble found plugin class: <class 'QuotationsPageSource.QuotationsPageSource'>: {'name': 'TheQuotationsPage.com', 'description': 'Fetches quotes from TheQuotationsPage.com', 'author': 'Peter Levi', 'version': '0.1'}'
INFO: 2025-05-13 17:24:21,398: _walk_modules() 'Jumble loading module in GoodreadsSource from /usr/lib/python3.13/site-packages/variety/plugins/builtin/quotes/GoodreadsSource.py'
INFO: 2025-05-13 17:24:21,399: load() 'Jumble found plugin class: <class 'GoodreadsSource.GoodreadsSource'>: {'name': 'Goodreads', 'description': 'Fetches quotes from Goodreads.com', 'author': 'Peter Levi', 'version': '0.1'}'
INFO: 2025-05-13 17:24:21,399: _walk_modules() 'Jumble loading module in LocalFilesSource from /usr/lib/python3.13/site-packages/variety/plugins/builtin/quotes/LocalFilesSource.py'
INFO: 2025-05-13 17:24:21,400: load() 'Jumble found plugin class: <class 'LocalFilesSource.LocalFilesSource'>: {'name': 'Local text files', 'description': 'Displays quotes, defined in local text files.\nPut your own txt files in: ~/.config/variety/pluginconfig/quotes/.\nThe file format is:\n\nquote -- author\n.\nsecond quote -- another author\n.\netc...\n\nExample: http://rvelthuis.de/zips/quotes.txt', 'author': 'Peter Levi', 'version': '0.1'}'
INFO: 2025-05-13 17:24:21,433: reload_config() 'Creating new downloader for type apod, location NASA's Astronomy Picture of the Day'
INFO: 2025-05-13 17:24:21,433: reload_config() 'Creating new downloader for type bing, location Bing Photo of the Day'
INFO: 2025-05-13 17:24:21,435: log_options() 'Loaded options:'
INFO: 2025-05-13 17:24:21,435: log_options() 'change_enabled = True'
INFO: 2025-05-13 17:24:21,435: log_options() 'change_interval = 3600'
INFO: 2025-05-13 17:24:21,435: log_options() 'change_on_start = False'
INFO: 2025-05-13 17:24:21,435: log_options() 'clipboard_enabled = False'
INFO: 2025-05-13 17:24:21,435: log_options() 'clipboard_hosts = ['wallhaven.cc', 'wallpapers.net', 'flickr.com', 'imgur.com', 'deviantart.com', 'interfacelift.com', 'vladstudio.com', 'imageshack.us', 'deviantart.net', 'imageshack.com']'
INFO: 2025-05-13 17:24:21,435: log_options() 'clipboard_use_whitelist = True'
INFO: 2025-05-13 17:24:21,435: log_options() 'clock_date_font = Ubuntu Condensed, 30'
INFO: 2025-05-13 17:24:21,435: log_options() 'clock_enabled = False'
INFO: 2025-05-13 17:24:21,435: log_options() 'clock_filter = -density 100 -font `fc-match -f '%{file[0]}' '%CLOCK_FONT_NAME'` -pointsize %CLOCK_FONT_SIZE -gravity SouthEast -fill '#00000044' -annotate 0x0+[%HOFFSET+58]+[%VOFFSET+108] '%H:%M' -fill white -annotate 0x0+[%HOFFSET+60]+[%VOFFSET+110] '%H:%M' -font `fc-match -f '%{file[0]}' '%DATE_FONT_NAME'` -pointsize %DATE_FONT_SIZE -fill '#00000044' -annotate 0x0+[%HOFFSET+58]+[%VOFFSET+58] '%A, %B %d' -fill white -annotate 0x0+[%HOFFSET+60]+[%VOFFSET+60] '%A, %B %d''
INFO: 2025-05-13 17:24:21,435: log_options() 'clock_font = Ubuntu Condensed, 70'
INFO: 2025-05-13 17:24:21,435: log_options() 'configfile = /home/Diego/.config/variety/variety.conf'
INFO: 2025-05-13 17:24:21,435: log_options() 'copyto_enabled = False'
INFO: 2025-05-13 17:24:21,435: log_options() 'copyto_folder = Default'
INFO: 2025-05-13 17:24:21,435: log_options() 'desired_color = [160, 160, 160]'
INFO: 2025-05-13 17:24:21,435: log_options() 'desired_color_enabled = False'
INFO: 2025-05-13 17:24:21,435: log_options() 'download_folder = /home/Diego/.config/variety/Downloaded'
INFO: 2025-05-13 17:24:21,435: log_options() 'download_preference_ratio = 0.9'
INFO: 2025-05-13 17:24:21,435: log_options() 'favorites_folder = /home/Diego/.config/variety/Favorites'
INFO: 2025-05-13 17:24:21,435: log_options() 'favorites_operations = [['Downloaded', 'Copy'], ['Fetched', 'Move'], ['Others', 'Copy']]'
INFO: 2025-05-13 17:24:21,435: log_options() 'fetched_folder = /home/Diego/.config/variety/Fetched'
INFO: 2025-05-13 17:24:21,435: log_options() 'filters = [[False, 'Keep original', ''], [False, 'Grayscale', '-type Grayscale'], [False, 'Heavy blur', '-scale 20% -blur 0x10 -resize 500%'], [False, 'Soft blur', '-scale 20% -blur 0x2 -resize 500%'], [False, 'Oil painting', '-paint 8'], [False, 'Pointilism', '-spread 10 -noise 3'], [False, 'Pixellate', '-scale 3% -scale 3333%']]'
INFO: 2025-05-13 17:24:21,435: log_options() 'get_wallpaper_script = /home/Diego/.config/variety/scripts/get_wallpaper'
INFO: 2025-05-13 17:24:21,435: log_options() 'icon = Light'
INFO: 2025-05-13 17:24:21,435: log_options() 'internet_enabled = True'
INFO: 2025-05-13 17:24:21,435: log_options() 'lightness_enabled = False'
INFO: 2025-05-13 17:24:21,435: log_options() 'lightness_mode = 0'
INFO: 2025-05-13 17:24:21,435: log_options() 'min_rating = 4'
INFO: 2025-05-13 17:24:21,435: log_options() 'min_rating_enabled = False'
INFO: 2025-05-13 17:24:21,435: log_options() 'min_size = 80'
INFO: 2025-05-13 17:24:21,435: log_options() 'min_size_enabled = False'
INFO: 2025-05-13 17:24:21,435: log_options() 'quota_enabled = True'
INFO: 2025-05-13 17:24:21,435: log_options() 'quota_size = 1000'
INFO: 2025-05-13 17:24:21,435: log_options() 'quotes_authors = '
INFO: 2025-05-13 17:24:21,435: log_options() 'quotes_bg_color = [80, 80, 80]'
INFO: 2025-05-13 17:24:21,435: log_options() 'quotes_bg_opacity = 55'
INFO: 2025-05-13 17:24:21,435: log_options() 'quotes_change_enabled = False'
INFO: 2025-05-13 17:24:21,436: log_options() 'quotes_change_interval = 300'
INFO: 2025-05-13 17:24:21,436: log_options() 'quotes_disabled_sources = ['Urban Dictionary']'
INFO: 2025-05-13 17:24:21,436: log_options() 'quotes_enabled = False'
INFO: 2025-05-13 17:24:21,436: log_options() 'quotes_favorites_file = /home/Diego/.config/variety/favorite_quotes.txt'
INFO: 2025-05-13 17:24:21,436: log_options() 'quotes_font = Bitstream Charter 30'
INFO: 2025-05-13 17:24:21,436: log_options() 'quotes_hpos = 100'
INFO: 2025-05-13 17:24:21,436: log_options() 'quotes_max_length = 250'
INFO: 2025-05-13 17:24:21,436: log_options() 'quotes_tags = '
INFO: 2025-05-13 17:24:21,436: log_options() 'quotes_text_color = [255, 255, 255]'
INFO: 2025-05-13 17:24:21,436: log_options() 'quotes_text_shadow = False'
INFO: 2025-05-13 17:24:21,436: log_options() 'quotes_vpos = 40'
INFO: 2025-05-13 17:24:21,436: log_options() 'quotes_width = 70'
INFO: 2025-05-13 17:24:21,436: log_options() 'safe_mode = False'
INFO: 2025-05-13 17:24:21,436: log_options() 'set_wallpaper_script = /home/Diego/.config/variety/scripts/set_wallpaper'
INFO: 2025-05-13 17:24:21,436: log_options() 'slideshow_custom_enabled = False'
INFO: 2025-05-13 17:24:21,436: log_options() 'slideshow_custom_folder = /home/Diego/Obrazy'
INFO: 2025-05-13 17:24:21,436: log_options() 'slideshow_downloads_enabled = False'
INFO: 2025-05-13 17:24:21,436: log_options() 'slideshow_fade = 0.4'
INFO: 2025-05-13 17:24:21,436: log_options() 'slideshow_favorites_enabled = True'
INFO: 2025-05-13 17:24:21,436: log_options() 'slideshow_mode = Fullscreen'
INFO: 2025-05-13 17:24:21,436: log_options() 'slideshow_monitor = All'
INFO: 2025-05-13 17:24:21,436: log_options() 'slideshow_pan = 0.05'
INFO: 2025-05-13 17:24:21,436: log_options() 'slideshow_seconds = 6.0'
INFO: 2025-05-13 17:24:21,436: log_options() 'slideshow_sort_order = Random'
INFO: 2025-05-13 17:24:21,436: log_options() 'slideshow_sources_enabled = True'
INFO: 2025-05-13 17:24:21,436: log_options() 'slideshow_zoom = 0.2'
INFO: 2025-05-13 17:24:21,436: log_options() 'smart_enabled = False'
INFO: 2025-05-13 17:24:21,436: log_options() 'smart_notice_shown = False'
INFO: 2025-05-13 17:24:21,436: log_options() 'smart_register_shown = False'
INFO: 2025-05-13 17:24:21,436: log_options() 'sources = [[False, 'favorites', 'The Favorites folder'], [False, 'fetched', 'The Fetched folder'], [False, 'folder', '/usr/share/backgrounds'], [False, 'flickr', 'user:www.flickr.com/photos/peter-levi/;user_id:93647178@N00;'], [True, 'apod', "NASA's Astronomy Picture of the Day"], [True, 'bing', 'Bing Photo of the Day'], [False, 'earthview', 'Google Earth View Wallpapers'], [False, 'unsplash', 'High-resolution photos from Unsplash.com'], [False, 'natgeo', "National Geographic's photo of the day"]]'
INFO: 2025-05-13 17:24:21,436: log_options() 'stats_enabled = True'
INFO: 2025-05-13 17:24:21,436: log_options() 'stats_notice_shown = False'
INFO: 2025-05-13 17:24:21,436: log_options() 'sync_enabled = True'
INFO: 2025-05-13 17:24:21,436: log_options() 'use_landscape_enabled = True'
INFO: 2025-05-13 17:24:21,436: log_options() 'wallhaven_api_key = '
INFO: 2025-05-13 17:24:21,436: log_options() 'wallpaper_auto_rotate = True'
INFO: 2025-05-13 17:24:21,436: log_options() 'wallpaper_display_mode = os'
INFO: 2025-05-13 17:24:21,436: reload_config() 'No need to clear prepared queue'
INFO: 2025-05-13 17:24:21,436: update_indicator() 'Setting file info to: /home/Diego/.config/variety/Downloaded/nasa_apod/earthset-snap00.png'
INFO: 2025-05-13 17:24:21,440: load_banned() 'Missing or invalid banned URLs list, no URLs will be banned'
INFO: 2025-05-13 17:24:21,440: load_last_change_time() 'Change interval < 6 hours, ignore persisted last_change_time, wait initially the whole interval: 3600'
INFO: 2025-05-13 17:24:21,440: update_indicator() 'Setting file info to: /home/Diego/.config/variety/Downloaded/nasa_apod/earthset-snap00.png'
INFO: 2025-05-13 17:24:21,441: regular_change_thread() 'regular_change thread running'
INFO: 2025-05-13 17:24:21,442: prepare_thread() 'Prepare thread running'
INFO: 2025-05-13 17:24:21,442: prepare_thread() 'Prepared buffer contains 0 images'
INFO: 2025-05-13 17:24:21,442: prepare_thread() 'Preparing some images'
INFO: 2025-05-13 17:24:21,443: update_indicator_icon() 'Creating indicator'
INFO: 2025-05-13 17:24:21,446: get_throttling() 'Bing: parsing serverside options'
INFO: 2025-05-13 17:24:21,446: get_throttling() 'Could not parse Bing serverside options, using defaults None, None'
INFO: 2025-05-13 17:24:21,446: get_throttling() 'Bing: parsing serverside options'
INFO: 2025-05-13 17:24:21,446: get_throttling() 'Could not parse Bing serverside options, using defaults None, None'
INFO: 2025-05-13 17:24:21,447: download_one() 'Bing: Downloading an image, config: None'
INFO: 2025-05-13 17:24:21,447: download_one() 'Bing: Queue size: 0'
INFO: 2025-05-13 17:24:21,447: get_throttling() 'Bing: parsing serverside options'
INFO: 2025-05-13 17:24:21,447: get_throttling() 'Could not parse Bing serverside options, using defaults None, None'
INFO: 2025-05-13 17:24:21,447: download_one() 'Bing: Filling queue'
WARNING: 2025-05-13 17:24:21,456: create_menu() 'Variety Slideshow is not installed. This is an optional extension adding pan-and-zoom slideshows to Variety: see https://github.com/peterlevi/variety-slideshow for details'
INFO: 2025-05-13 17:24:21,456: create_indicator() 'indicator backend: AyatanaAppIndicator3'
INFO: 2025-05-13 17:24:21,480: set_from_theme_icon() 'Showing indicator icon variety-indicator from GTK theme'
INFO: 2025-05-13 17:24:21,537: prepare_thread() 'After search prepared buffer contains 72 images'
INFO: 2025-05-13 17:24:21,541: do_set_wp() 'Calling do_set_wp with /home/Diego/.config/variety/Downloaded/nasa_apod/earthset-snap00.png, time: 1747149861.5415637'
INFO: 2025-05-13 17:24:21,544: apply_auto_rotate() 'ImageMagick auto-rotate cmd: convert /home/Diego/.config/variety/Downloaded/nasa_apod/earthset-snap00.png -auto-orient /home/Diego/.config/variety/wallpaper/wallpaper-auto-rotated-f71ba576e56ea760736f41df738489bb.jpg'
INFO: 2025-05-13 17:24:21,578: download_one() 'Bing: Queue populated with 8 URLs'
INFO: 2025-05-13 17:24:21,578: save_locally() 'Origin URL: https://www.bing.com/search?q=Donkey&form=hpcapt&filters=HpDate%3a%2220250508_0700%22'
INFO: 2025-05-13 17:24:21,578: save_locally() 'Image URL: https://www.bing.com/th?id=OHR.RhyoliteDonkeys_EN-US6439068828_UHD.jpg'
INFO: 2025-05-13 17:24:21,578: save_locally() 'Local path: /home/Diego/.config/variety/Downloaded/Bing/OHR.RhyoliteDonkeys_EN-US6439068828_UHD.jpg'
INFO: 2025-05-13 17:24:21,579: save_locally() 'File already exists, skip downloading'
INFO: 2025-05-13 17:24:21,642: update_indicator() 'Setting file info to: /home/Diego/.config/variety/Downloaded/nasa_apod/earthset-snap00.png'
INFO: 2025-05-13 17:24:21,643: list_files() 'More than 1 files in the folders, stop listing'
INFO: 2025-05-13 17:24:22,934: reload() 'Reloading preferences dialog'
INFO: 2025-05-13 17:24:23,538: trigger_download() 'Triggering download thread to check if download needed and possible'
INFO: 2025-05-13 17:24:24,337: set_wallpaper() 'Calling set_wallpaper with /home/Diego/.config/variety/Downloaded/Bing/OHR.MinnesotaRotunda_EN-US6605011856_UHD.jpg'
INFO: 2025-05-13 17:24:24,338: prepare_thread() 'Prepared buffer contains 72 images'
INFO: 2025-05-13 17:24:24,338: do_set_wp() 'Calling do_set_wp with /home/Diego/.config/variety/Downloaded/Bing/OHR.MinnesotaRotunda_EN-US6605011856_UHD.jpg, time: 1747149864.3388593'
INFO: 2025-05-13 17:24:24,339: apply_auto_rotate() 'ImageMagick auto-rotate cmd: convert /home/Diego/.config/variety/Downloaded/Bing/OHR.MinnesotaRotunda_EN-US6605011856_UHD.jpg -auto-orient /home/Diego/.config/variety/wallpaper/wallpaper-auto-rotated-1985fe6ecdc1c9ba59f8ade50d3a6f17.jpg'
INFO: 2025-05-13 17:24:24,718: update_indicator() 'Setting file info to: /home/Diego/.config/variety/Downloaded/Bing/OHR.MinnesotaRotunda_EN-US6605011856_UHD.jpg'
INFO: 2025-05-13 17:24:24,720: list_files() 'More than 1 files in the folders, stop listing'
INFO: 2025-05-13 17:24:26,338: trigger_download() 'Triggering download thread to check if download needed and possible'
INFO: 2025-05-13 17:24:26,338: trigger_download() 'Triggering download thread to check if download needed and possible'
INFO: 2025-05-13 17:24:41,442: server_options_thread() 'Fetching server options from http://tiny.cc/variety-options-063'
ERROR: 2025-05-13 17:24:42,035: server_options_thread() 'Could not fetch Variety serverside options'
Traceback (most recent call last):
  File "/usr/lib/python3.13/site-packages/requests/models.py", line 974, in json
    return complexjson.loads(self.text, **kwargs)
           ~~~~~~~~~~~~~~~~~^^^^^^^^^^^^^^^^^^^^^
  File "/usr/lib/python3.13/json/__init__.py", line 346, in loads
    return _default_decoder.decode(s)
           ~~~~~~~~~~~~~~~~~~~~~~~^^^
  File "/usr/lib/python3.13/json/decoder.py", line 345, in decode
    obj, end = self.raw_decode(s, idx=_w(s, 0).end())
               ~~~~~~~~~~~~~~~^^^^^^^^^^^^^^^^^^^^^^^
  File "/usr/lib/python3.13/json/decoder.py", line 363, in raw_decode
    raise JSONDecodeError("Expecting value", s, err.value) from None
json.decoder.JSONDecodeError: Expecting value: line 1 column 1 (char 0)

During handling of the above exception, another exception occurred:

Traceback (most recent call last):
  File "/usr/lib/python3.13/site-packages/variety/VarietyWindow.py", line 1084, in server_options_thread
    self.server_options = Util.fetch_json(VarietyWindow.SERVERSIDE_OPTIONS_URL)
                          ~~~~~~~~~~~~~~~^^^^^^^^^^^^^^^^^^^^^^^^^^^^^^^^^^^^^^
  File "/usr/lib/python3.13/site-packages/variety/Util.py", line 684, in fetch_json
    return Util.request(url, data, **request_kwargs).json()
           ~~~~~~~~~~~~~~~~~~~~~~~~~~~~~~~~~~~~~~~~~~~~~~^^
  File "/usr/lib/python3.13/site-packages/requests/models.py", line 978, in json
    raise RequestsJSONDecodeError(e.msg, e.doc, e.pos)
requests.exceptions.JSONDecodeError: Expecting value: line 1 column 1 (char 0)
INFO: 2025-05-13 17:25:12,040: server_options_thread() 'Fetching server options from http://tiny.cc/variety-options-063'
ERROR: 2025-05-13 17:25:12,579: server_options_thread() 'Could not fetch Variety serverside options'
Traceback (most recent call last):
  File "/usr/lib/python3.13/site-packages/requests/models.py", line 974, in json
    return complexjson.loads(self.text, **kwargs)
           ~~~~~~~~~~~~~~~~~^^^^^^^^^^^^^^^^^^^^^
  File "/usr/lib/python3.13/json/__init__.py", line 346, in loads
    return _default_decoder.decode(s)
           ~~~~~~~~~~~~~~~~~~~~~~~^^^
  File "/usr/lib/python3.13/json/decoder.py", line 345, in decode
    obj, end = self.raw_decode(s, idx=_w(s, 0).end())
               ~~~~~~~~~~~~~~~^^^^^^^^^^^^^^^^^^^^^^^
  File "/usr/lib/python3.13/json/decoder.py", line 363, in raw_decode
    raise JSONDecodeError("Expecting value", s, err.value) from None
json.decoder.JSONDecodeError: Expecting value: line 1 column 1 (char 0)

During handling of the above exception, another exception occurred:

Traceback (most recent call last):
  File "/usr/lib/python3.13/site-packages/variety/VarietyWindow.py", line 1084, in server_options_thread
    self.server_options = Util.fetch_json(VarietyWindow.SERVERSIDE_OPTIONS_URL)
                          ~~~~~~~~~~~~~~~^^^^^^^^^^^^^^^^^^^^^^^^^^^^^^^^^^^^^^
  File "/usr/lib/python3.13/site-packages/variety/Util.py", line 684, in fetch_json
    return Util.request(url, data, **request_kwargs).json()
           ~~~~~~~~~~~~~~~~~~~~~~~~~~~~~~~~~~~~~~~~~~~~~~^^
  File "/usr/lib/python3.13/site-packages/requests/models.py", line 978, in json
    raise RequestsJSONDecodeError(e.msg, e.doc, e.pos)
requests.exceptions.JSONDecodeError: Expecting value: line 1 column 1 (char 0)
INFO: 2025-05-13 17:25:42,582: server_options_thread() 'Fetching server options from http://tiny.cc/variety-options-063'
ERROR: 2025-05-13 17:25:43,112: server_options_thread() 'Could not fetch Variety serverside options'
Traceback (most recent call last):
  File "/usr/lib/python3.13/site-packages/requests/models.py", line 974, in json
    return complexjson.loads(self.text, **kwargs)
           ~~~~~~~~~~~~~~~~~^^^^^^^^^^^^^^^^^^^^^
  File "/usr/lib/python3.13/json/__init__.py", line 346, in loads
    return _default_decoder.decode(s)
           ~~~~~~~~~~~~~~~~~~~~~~~^^^
  File "/usr/lib/python3.13/json/decoder.py", line 345, in decode
    obj, end = self.raw_decode(s, idx=_w(s, 0).end())
               ~~~~~~~~~~~~~~~^^^^^^^^^^^^^^^^^^^^^^^
  File "/usr/lib/python3.13/json/decoder.py", line 363, in raw_decode
    raise JSONDecodeError("Expecting value", s, err.value) from None
json.decoder.JSONDecodeError: Expecting value: line 1 column 1 (char 0)

During handling of the above exception, another exception occurred:

Traceback (most recent call last):
  File "/usr/lib/python3.13/site-packages/variety/VarietyWindow.py", line 1084, in server_options_thread
    self.server_options = Util.fetch_json(VarietyWindow.SERVERSIDE_OPTIONS_URL)
                          ~~~~~~~~~~~~~~~^^^^^^^^^^^^^^^^^^^^^^^^^^^^^^^^^^^^^^
  File "/usr/lib/python3.13/site-packages/variety/Util.py", line 684, in fetch_json
    return Util.request(url, data, **request_kwargs).json()
           ~~~~~~~~~~~~~~~~~~~~~~~~~~~~~~~~~~~~~~~~~~~~~~^^
  File "/usr/lib/python3.13/site-packages/requests/models.py", line 978, in json
    raise RequestsJSONDecodeError(e.msg, e.doc, e.pos)
requests.exceptions.JSONDecodeError: Expecting value: line 1 column 1 (char 0)
INFO: 2025-05-13 17:26:13,119: server_options_thread() 'Fetching server options from http://tiny.cc/variety-options-063'
ERROR: 2025-05-13 17:26:13,795: server_options_thread() 'Could not fetch Variety serverside options'
Traceback (most recent call last):
  File "/usr/lib/python3.13/site-packages/requests/models.py", line 974, in json
    return complexjson.loads(self.text, **kwargs)
           ~~~~~~~~~~~~~~~~~^^^^^^^^^^^^^^^^^^^^^
  File "/usr/lib/python3.13/json/__init__.py", line 346, in loads
    return _default_decoder.decode(s)
           ~~~~~~~~~~~~~~~~~~~~~~~^^^
  File "/usr/lib/python3.13/json/decoder.py", line 345, in decode
    obj, end = self.raw_decode(s, idx=_w(s, 0).end())
               ~~~~~~~~~~~~~~~^^^^^^^^^^^^^^^^^^^^^^^
  File "/usr/lib/python3.13/json/decoder.py", line 363, in raw_decode
    raise JSONDecodeError("Expecting value", s, err.value) from None
json.decoder.JSONDecodeError: Expecting value: line 1 column 1 (char 0)

During handling of the above exception, another exception occurred:

Traceback (most recent call last):
  File "/usr/lib/python3.13/site-packages/variety/VarietyWindow.py", line 1084, in server_options_thread
    self.server_options = Util.fetch_json(VarietyWindow.SERVERSIDE_OPTIONS_URL)
                          ~~~~~~~~~~~~~~~^^^^^^^^^^^^^^^^^^^^^^^^^^^^^^^^^^^^^^
  File "/usr/lib/python3.13/site-packages/variety/Util.py", line 684, in fetch_json
    return Util.request(url, data, **request_kwargs).json()
           ~~~~~~~~~~~~~~~~~~~~~~~~~~~~~~~~~~~~~~~~~~~~~~^^
  File "/usr/lib/python3.13/site-packages/requests/models.py", line 978, in json
    raise RequestsJSONDecodeError(e.msg, e.doc, e.pos)
requests.exceptions.JSONDecodeError: Expecting value: line 1 column 1 (char 0)
INFO: 2025-05-13 17:26:43,801: server_options_thread() 'Fetching server options from http://tiny.cc/variety-options-063'
ERROR: 2025-05-13 17:26:44,355: server_options_thread() 'Could not fetch Variety serverside options'
Traceback (most recent call last):
  File "/usr/lib/python3.13/site-packages/requests/models.py", line 974, in json
    return complexjson.loads(self.text, **kwargs)
           ~~~~~~~~~~~~~~~~~^^^^^^^^^^^^^^^^^^^^^
  File "/usr/lib/python3.13/json/__init__.py", line 346, in loads
    return _default_decoder.decode(s)
           ~~~~~~~~~~~~~~~~~~~~~~~^^^
  File "/usr/lib/python3.13/json/decoder.py", line 345, in decode
    obj, end = self.raw_decode(s, idx=_w(s, 0).end())
               ~~~~~~~~~~~~~~~^^^^^^^^^^^^^^^^^^^^^^^
  File "/usr/lib/python3.13/json/decoder.py", line 363, in raw_decode
    raise JSONDecodeError("Expecting value", s, err.value) from None
json.decoder.JSONDecodeError: Expecting value: line 1 column 1 (char 0)

During handling of the above exception, another exception occurred:

Traceback (most recent call last):
  File "/usr/lib/python3.13/site-packages/variety/VarietyWindow.py", line 1084, in server_options_thread
    self.server_options = Util.fetch_json(VarietyWindow.SERVERSIDE_OPTIONS_URL)
                          ~~~~~~~~~~~~~~~^^^^^^^^^^^^^^^^^^^^^^^^^^^^^^^^^^^^^^
  File "/usr/lib/python3.13/site-packages/variety/Util.py", line 684, in fetch_json
    return Util.request(url, data, **request_kwargs).json()
           ~~~~~~~~~~~~~~~~~~~~~~~~~~~~~~~~~~~~~~~~~~~~~~^^
  File "/usr/lib/python3.13/site-packages/requests/models.py", line 978, in json
    raise RequestsJSONDecodeError(e.msg, e.doc, e.pos)
requests.exceptions.JSONDecodeError: Expecting value: line 1 column 1 (char 0)
INFO: 2025-05-13 17:27:26,340: get_throttling() 'Bing: parsing serverside options'
INFO: 2025-05-13 17:27:26,340: get_throttling() 'Could not parse Bing serverside options, using defaults None, None'
INFO: 2025-05-13 17:27:26,340: get_throttling() 'Bing: parsing serverside options'
INFO: 2025-05-13 17:27:26,341: get_throttling() 'Could not parse Bing serverside options, using defaults None, None'
INFO: 2025-05-13 17:27:26,341: download_one() 'Bing: Downloading an image, config: None'
INFO: 2025-05-13 17:27:26,341: download_one() 'Bing: Queue size: 7'
INFO: 2025-05-13 17:27:26,341: download_one() 'Bing: Queue populated with 7 URLs'
INFO: 2025-05-13 17:27:26,342: save_locally() 'Origin URL: https://www.bing.com/search?q=Dunluce+Castle&form=hpcapt&filters=HpDate%3a%2220250507_0700%22'
INFO: 2025-05-13 17:27:26,342: save_locally() 'Image URL: https://www.bing.com/th?id=OHR.DunluceIreland_EN-US6236791025_UHD.jpg'
INFO: 2025-05-13 17:27:26,343: save_locally() 'Local path: /home/Diego/.config/variety/Downloaded/Bing/OHR.DunluceIreland_EN-US6236791025_UHD.jpg'
INFO: 2025-05-13 17:27:26,343: save_locally() 'File already exists, skip downloading'
INFO: 2025-05-13 17:30:27,345: get_throttling() 'Bing: parsing serverside options'
INFO: 2025-05-13 17:30:27,345: get_throttling() 'Could not parse Bing serverside options, using defaults None, None'
INFO: 2025-05-13 17:30:27,345: get_throttling() 'Bing: parsing serverside options'
INFO: 2025-05-13 17:30:27,345: get_throttling() 'Could not parse Bing serverside options, using defaults None, None'
INFO: 2025-05-13 17:30:27,345: download_one() 'Bing: Downloading an image, config: None'
INFO: 2025-05-13 17:30:27,346: download_one() 'Bing: Queue size: 6'
INFO: 2025-05-13 17:30:27,346: download_one() 'Bing: Queue populated with 6 URLs'
INFO: 2025-05-13 17:30:27,346: save_locally() 'Origin URL: https://www.bing.com/search?q=Minnesota+State+Capitol&form=hpcapt&filters=HpDate%3a%2220250510_0700%22'
INFO: 2025-05-13 17:30:27,346: save_locally() 'Image URL: https://www.bing.com/th?id=OHR.MinnesotaRotunda_EN-US6605011856_UHD.jpg'
INFO: 2025-05-13 17:30:27,346: save_locally() 'Local path: /home/Diego/.config/variety/Downloaded/Bing/OHR.MinnesotaRotunda_EN-US6605011856_UHD.jpg'
INFO: 2025-05-13 17:30:27,346: save_locally() 'File already exists, skip downloading'
INFO: 2025-05-13 17:33:28,348: get_throttling() 'Bing: parsing serverside options'
INFO: 2025-05-13 17:33:28,349: get_throttling() 'Could not parse Bing serverside options, using defaults None, None'
INFO: 2025-05-13 17:33:28,349: get_throttling() 'Bing: parsing serverside options'
INFO: 2025-05-13 17:33:28,349: get_throttling() 'Could not parse Bing serverside options, using defaults None, None'
INFO: 2025-05-13 17:33:28,349: download_one() 'Bing: Downloading an image, config: None'
INFO: 2025-05-13 17:33:28,349: download_one() 'Bing: Queue size: 5'
INFO: 2025-05-13 17:33:28,349: download_one() 'Bing: Queue populated with 5 URLs'
INFO: 2025-05-13 17:33:28,350: save_locally() 'Origin URL: https://www.bing.com/search?q=Mother%27s+day&form=hpcapt&filters=HpDate%3a%2220250511_0700%22'
INFO: 2025-05-13 17:33:28,350: save_locally() 'Image URL: https://www.bing.com/th?id=OHR.LeopardMother_EN-US6709981831_UHD.jpg'
INFO: 2025-05-13 17:33:28,350: save_locally() 'Local path: /home/Diego/.config/variety/Downloaded/Bing/OHR.LeopardMother_EN-US6709981831_UHD.jpg'
INFO: 2025-05-13 17:33:28,350: save_locally() 'File already exists, skip downloading'
INFO: 2025-05-13 17:36:29,352: get_throttling() 'Bing: parsing serverside options'
INFO: 2025-05-13 17:36:29,352: get_throttling() 'Could not parse Bing serverside options, using defaults None, None'
INFO: 2025-05-13 17:36:29,353: get_throttling() 'Bing: parsing serverside options'
INFO: 2025-05-13 17:36:29,353: get_throttling() 'Could not parse Bing serverside options, using defaults None, None'
INFO: 2025-05-13 17:36:29,353: download_one() 'Bing: Downloading an image, config: None'
INFO: 2025-05-13 17:36:29,354: download_one() 'Bing: Queue size: 4'
INFO: 2025-05-13 17:36:29,354: download_one() 'Bing: Queue populated with 4 URLs'
INFO: 2025-05-13 17:36:29,355: save_locally() 'Origin URL: https://www.bing.com/search?q=Torres+del+Paine+National+Park&form=hpcapt&filters=HpDate%3a%2220250513_0700%22'
INFO: 2025-05-13 17:36:29,355: save_locally() 'Image URL: https://www.bing.com/th?id=OHR.TorresChile_EN-US6814348961_UHD.jpg'
INFO: 2025-05-13 17:36:29,355: save_locally() 'Local path: /home/Diego/.config/variety/Downloaded/Bing/OHR.TorresChile_EN-US6814348961_UHD.jpg'
INFO: 2025-05-13 17:36:29,629: save_locally() 'Download complete'
INFO: 2025-05-13 17:36:29,630: update_indicator() 'Setting file info to: /home/Diego/.config/variety/Downloaded/Bing/OHR.MinnesotaRotunda_EN-US6605011856_UHD.jpg'
INFO: 2025-05-13 17:36:29,631: list_files() 'More than 1 files in the folders, stop listing'
INFO: 2025-05-13 17:36:29,632: download_one_from() 'Adding downloaded file /home/Diego/.config/variety/Downloaded/Bing/OHR.TorresChile_EN-US6814348961_UHD.jpg to unseen_downloads'
INFO: 2025-05-13 17:36:30,632: get_throttling() 'Bing: parsing serverside options'
INFO: 2025-05-13 17:36:30,633: get_throttling() 'Could not parse Bing serverside options, using defaults None, None'
INFO: 2025-05-13 17:36:30,633: get_throttling() 'Bing: parsing serverside options'
INFO: 2025-05-13 17:36:30,633: get_throttling() 'Could not parse Bing serverside options, using defaults None, None'
INFO: 2025-05-13 17:36:30,633: download_one() 'Bing: Downloading an image, config: None'
INFO: 2025-05-13 17:36:30,633: download_one() 'Bing: Queue size: 3'
INFO: 2025-05-13 17:36:30,634: download_one() 'Bing: Queue populated with 3 URLs'
INFO: 2025-05-13 17:36:30,634: save_locally() 'Origin URL: https://www.bing.com/search?q=ultralight+aviation&form=hpcapt&filters=HpDate%3a%2220250506_0700%22'
INFO: 2025-05-13 17:36:30,634: save_locally() 'Image URL: https://www.bing.com/th?id=OHR.FlyoverNamibia_EN-US6033011196_UHD.jpg'
INFO: 2025-05-13 17:36:30,634: save_locally() 'Local path: /home/Diego/.config/variety/Downloaded/Bing/OHR.FlyoverNamibia_EN-US6033011196_UHD.jpg'
INFO: 2025-05-13 17:36:30,635: save_locally() 'File already exists, skip downloading'
INFO: 2025-05-13 17:39:31,639: get_throttling() 'Bing: parsing serverside options'
INFO: 2025-05-13 17:39:31,639: get_throttling() 'Could not parse Bing serverside options, using defaults None, None'
INFO: 2025-05-13 17:39:31,639: get_throttling() 'Bing: parsing serverside options'
INFO: 2025-05-13 17:39:31,639: get_throttling() 'Could not parse Bing serverside options, using defaults None, None'
INFO: 2025-05-13 17:39:31,639: download_one() 'Bing: Downloading an image, config: None'
INFO: 2025-05-13 17:39:31,639: download_one() 'Bing: Queue size: 2'
INFO: 2025-05-13 17:39:31,639: download_one() 'Bing: Queue populated with 2 URLs'
INFO: 2025-05-13 17:39:31,640: save_locally() 'Origin URL: https://www.bing.com/search?q=chameleon+reptile&form=hpcapt&filters=HpDate%3a%2220250509_0700%22'
INFO: 2025-05-13 17:39:31,640: save_locally() 'Image URL: https://www.bing.com/th?id=OHR.CuteChameleon_EN-US6483346105_UHD.jpg'
INFO: 2025-05-13 17:39:31,640: save_locally() 'Local path: /home/Diego/.config/variety/Downloaded/Bing/OHR.CuteChameleon_EN-US6483346105_UHD.jpg'
INFO: 2025-05-13 17:39:31,640: save_locally() 'File already exists, skip downloading'
INFO: 2025-05-13 17:42:32,641: get_throttling() 'Bing: parsing serverside options'
INFO: 2025-05-13 17:42:32,641: get_throttling() 'Could not parse Bing serverside options, using defaults None, None'
INFO: 2025-05-13 17:42:32,641: get_throttling() 'Bing: parsing serverside options'
INFO: 2025-05-13 17:42:32,641: get_throttling() 'Could not parse Bing serverside options, using defaults None, None'
INFO: 2025-05-13 17:42:32,641: download_one() 'Bing: Downloading an image, config: None'
INFO: 2025-05-13 17:42:32,641: download_one() 'Bing: Queue size: 1'
INFO: 2025-05-13 17:42:32,641: download_one() 'Bing: Queue populated with 1 URLs'
INFO: 2025-05-13 17:42:32,642: save_locally() 'Origin URL: https://www.bing.com/search?q=Iris+plant&form=hpcapt&filters=HpDate%3a%2220250512_0700%22'
INFO: 2025-05-13 17:42:32,642: save_locally() 'Image URL: https://www.bing.com/th?id=OHR.IrisGarden_EN-US6778843108_UHD.jpg'
INFO: 2025-05-13 17:42:32,642: save_locally() 'Local path: /home/Diego/.config/variety/Downloaded/Bing/OHR.IrisGarden_EN-US6778843108_UHD.jpg'
INFO: 2025-05-13 17:42:32,642: save_locally() 'File already exists, skip downloading'
INFO: 2025-05-13 17:45:33,643: get_throttling() 'Bing: parsing serverside options'
INFO: 2025-05-13 17:45:33,644: get_throttling() 'Could not parse Bing serverside options, using defaults None, None'
INFO: 2025-05-13 17:45:33,644: get_throttling() 'Bing: parsing serverside options'
INFO: 2025-05-13 17:45:33,644: get_throttling() 'Could not parse Bing serverside options, using defaults None, None'
INFO: 2025-05-13 17:45:33,644: download_one() 'Bing: Downloading an image, config: None'
INFO: 2025-05-13 17:45:33,644: download_one() 'Bing: Queue size: 0'
INFO: 2025-05-13 17:45:33,644: get_throttling() 'Bing: parsing serverside options'
INFO: 2025-05-13 17:45:33,645: get_throttling() 'Could not parse Bing serverside options, using defaults None, None'
INFO: 2025-05-13 17:45:33,645: download_one() 'Bing: Filling queue'
INFO: 2025-05-13 17:45:33,764: download_one() 'Bing: Queue populated with 8 URLs'
INFO: 2025-05-13 17:45:33,764: save_locally() 'Origin URL: https://www.bing.com/search?q=chameleon+reptile&form=hpcapt&filters=HpDate%3a%2220250509_0700%22'
INFO: 2025-05-13 17:45:33,764: save_locally() 'Image URL: https://www.bing.com/th?id=OHR.CuteChameleon_EN-US6483346105_UHD.jpg'
INFO: 2025-05-13 17:45:33,764: save_locally() 'Local path: /home/Diego/.config/variety/Downloaded/Bing/OHR.CuteChameleon_EN-US6483346105_UHD.jpg'
INFO: 2025-05-13 17:45:33,764: save_locally() 'File already exists, skip downloading'
